<?xml version="1.0" encoding="UTF-8"?>
<!-- Generated by org.testng.reporters.JUnitReportReporter -->
<testsuite hostname="DESKTOP-046N6DC" failures="0" tests="2" name="com.DataDrivenTesting.Utilities.SauceDemoLoginTest" time="1.594" errors="0" timestamp="2024-06-15T03:40:32 IST" skipped="0">
  <testcase classname="com.DataDrivenTesting.Utilities.SauceDemoLoginTest" name="testLogin" time="0.876"/>
  <testcase classname="com.DataDrivenTesting.Utilities.SauceDemoLoginTest" name="testLogin" time="0.718"/>
</testsuite> <!-- com.DataDrivenTesting.Utilities.SauceDemoLoginTest -->
